0 info it worked if it ends with ok
1 verbose cli [ '/usr/local/Cellar/node/6.2.1/bin/node',
1 verbose cli   '/usr/local/bin/npm',
1 verbose cli   'start' ]
2 info using npm@3.9.3
3 info using node@v6.2.1
4 verbose run-script [ 'prestart', 'start', 'poststart' ]
5 info lifecycle pokemon-go-server-status-bot@0.0.1~prestart: pokemon-go-server-status-bot@0.0.1
6 silly lifecycle pokemon-go-server-status-bot@0.0.1~prestart: no script for prestart, continuing
7 info lifecycle pokemon-go-server-status-bot@0.0.1~start: pokemon-go-server-status-bot@0.0.1
8 verbose lifecycle pokemon-go-server-status-bot@0.0.1~start: unsafe-perm in lifecycle true
9 verbose lifecycle pokemon-go-server-status-bot@0.0.1~start: PATH: /usr/local/lib/node_modules/npm/bin/node-gyp-bin:/Users/phiross/Documents/pokemon-go-server-status-bot/node_modules/.bin:/usr/local/Cellar/node/6.2.1/bin:/Users/phiross/.rvm/gems/ruby-2.3.1/bin:/Users/phiross/.rvm/gems/ruby-2.3.1@global/bin:/Users/phiross/.rvm/rubies/ruby-2.3.1/bin:/usr/local/bin:/usr/bin:/bin:/usr/sbin:/sbin:/Users/phiross/.rvm/bin
10 verbose lifecycle pokemon-go-server-status-bot@0.0.1~start: CWD: /Users/phiross/Documents/pokemon-go-server-status-bot
11 silly lifecycle pokemon-go-server-status-bot@0.0.1~start: Args: [ '-c', 'node app.js' ]
12 silly lifecycle pokemon-go-server-status-bot@0.0.1~start: Returned: code: 1  signal: null
13 info lifecycle pokemon-go-server-status-bot@0.0.1~start: Failed to exec start script
14 verbose stack Error: pokemon-go-server-status-bot@0.0.1 start: `node app.js`
14 verbose stack Exit status 1
14 verbose stack     at EventEmitter.<anonymous> (/usr/local/lib/node_modules/npm/lib/utils/lifecycle.js:245:16)
14 verbose stack     at emitTwo (events.js:106:13)
14 verbose stack     at EventEmitter.emit (events.js:191:7)
14 verbose stack     at ChildProcess.<anonymous> (/usr/local/lib/node_modules/npm/lib/utils/spawn.js:24:14)
14 verbose stack     at emitTwo (events.js:106:13)
14 verbose stack     at ChildProcess.emit (events.js:191:7)
14 verbose stack     at maybeClose (internal/child_process.js:852:16)
14 verbose stack     at Process.ChildProcess._handle.onexit (internal/child_process.js:215:5)
15 verbose pkgid pokemon-go-server-status-bot@0.0.1
16 verbose cwd /Users/phiross/Documents/pokemon-go-server-status-bot
17 error Darwin 14.5.0
18 error argv "/usr/local/Cellar/node/6.2.1/bin/node" "/usr/local/bin/npm" "start"
19 error node v6.2.1
20 error npm  v3.9.3
21 error code ELIFECYCLE
22 error pokemon-go-server-status-bot@0.0.1 start: `node app.js`
22 error Exit status 1
23 error Failed at the pokemon-go-server-status-bot@0.0.1 start script 'node app.js'.
23 error Make sure you have the latest version of node.js and npm installed.
23 error If you do, this is most likely a problem with the pokemon-go-server-status-bot package,
23 error not with npm itself.
23 error Tell the author that this fails on your system:
23 error     node app.js
23 error You can get information on how to open an issue for this project with:
23 error     npm bugs pokemon-go-server-status-bot
23 error Or if that isn't available, you can get their info via:
23 error     npm owner ls pokemon-go-server-status-bot
23 error There is likely additional logging output above.
24 verbose exit [ 1, true ]
